  World.cpp
World.cpp(204): warning C4305: 'argument': truncation from 'double' to 'float'
World.cpp(210): warning C4305: 'argument': truncation from 'double' to 'float'
World.cpp(234): warning C4244: 'initializing': conversion from 'int' to 'float', possible loss of data
World.cpp(235): warning C4244: 'initializing': conversion from 'int' to 'float', possible loss of data
World.cpp(261): warning C4244: '=': conversion from 'double' to 'float', possible loss of data
World.cpp(263): warning C4305: '-=': truncation from 'double' to 'float'
World.cpp(292): warning C4244: '=': conversion from 'double' to 'float', possible loss of data
World.cpp(294): warning C4305: '-=': truncation from 'double' to 'float'
World.cpp(394): warning C4244: 'argument': conversion from 'unsigned int' to 'float', possible loss of data
World.cpp(420): warning C4244: 'argument': conversion from 'const float' to 'int', possible loss of data
World.cpp(421): warning C4244: 'argument': conversion from 'double' to 'float', possible loss of data
World.cpp(499): warning C4244: 'argument': conversion from 'unsigned int' to 'float', possible loss of data
World.cpp(542): warning C4244: 'argument': conversion from 'int' to 'float', possible loss of data
World.cpp(633): warning C4244: 'argument': conversion from 'unsigned int' to 'float', possible loss of data
World.cpp(641): warning C4244: 'argument': conversion from 'unsigned int' to 'float', possible loss of data
World.cpp(661): warning C4244: 'argument': conversion from 'time_t' to 'unsigned int', possible loss of data
  Generating code
  42 of 270 functions (15.6%) were compiled, the rest were copied from previous compilation.
    0 functions were new in current compilation
    12 functions had inline decision re-evaluated but remain unchanged
  Finished generating code
  sfml.vcxproj -> E:\MGA Projet Asteroid\Asteroid\sfml\x64\Release\sfml.exe
